{"name":"test004","id":"com.restapiexample.employeeinfo.EmployeeCurdTest:test004","testCaseName":"com.restapiexample.employeeinfo.EmployeeCurdTest","testSteps":[{"number":1,"description":" delet employee ","duration":727,"startTime":"2022-06-05T20:52:42.023+01:00[Europe/London]","result":"SUCCESS","precondition":false,"children":[{"number":2,"description":"DELETE https://dummy.restapiexample.com/api/v1/employee/3388\r\r","duration":0,"startTime":"2022-06-05T20:52:42.750+01:00[Europe/London]","result":"SUCCESS","restQuery":{"method":"DELETE","path":"https://dummy.restapiexample.com/api/v1/employee/3388\r\r","content":"\r","contentType":"null","requestHeaders":"Accept\u003d*/*\r\r","requestCookies":"\r\r","responseHeaders":"Allow: GET, HEAD\nContent-Type: text/html; charset\u003dUTF-8\nDate: Sun, 05 Jun 2022 19:52:45 GMT\nDisplay: staticcontent_sol\nExpires: Sat, 04 Jun 2022 19:52:45 GMT\nHost-Header: c2hhcmVkLmJsdWVob3N0LmNvbQ\u003d\u003d\nPagespeed: off\nResponse: 405\nServer: nginx\nVary: Accept-Encoding\nVary: Accept-Encoding,Origin\nX-Endurance-Cache-Level: 2\nX-Ezoic-Cdn: Miss\nX-Middleton-Display: staticcontent_sol\nX-Middleton-Response: 405\nX-Nginx-Cache: WordPress\nX-Origin-Cache-Control: no-cache, private\nX-Sol: pub_site\nContent-Length: 825\r","responseCookies":"\r","responseBody":"\u003chtml\u003e\n  \u003chead\u003e\n    \u003cmeta charset\u003d\"UTF-8\"/\u003e\n    \u003cmeta name\u003d\"robots\" content\u003d\"noindex,nofollow,noarchive\"/\u003e\n    \u003ctitle\u003eAn Error Occurred: Method Not Allowed\u003c/title\u003e\n    \u003cstyle\u003ebody { background-color: #fff; color: #222; font: 16px/1.5 -apple-system, BlinkMacSystemFont, \"Segoe UI\", Roboto, \"Helvetica Neue\", Arial, sans-serif; margin: 0; }\n.container { margin: 30px; max-width: 600px; }\nh1 { color: #dc3545; font-size: 24px; }\nh2 { font-size: 18px; }\u003c/style\u003e\n  \u003c/head\u003e\n  \u003cbody\u003e\n    \u003cdiv class\u003d\"container\"\u003e\n      \u003ch1\u003eOops! An Error Occurred\u003c/h1\u003e\n      \u003ch2\u003eThe server returned a \"405 Method Not Allowed\".\u003c/h2\u003e\n      \u003cp\u003e\n        Something is broken. Please let us know what you were doing when this error occurred.\n        We will fix it as soon as possible. Sorry for any inconvenience caused.\n    \u003c/p\u003e\n    \u003c/div\u003e\n  \u003c/body\u003e\n\u003c/html\u003e","statusCode":405},"precondition":false}]}],"userStory":{"id":"com.restapiexample.employeeinfo.EmployeeCurdTest","storyName":"Employee curd test","storyClassName":"com.restapiexample.employeeinfo.EmployeeCurdTest","path":"com.restapiexample.employeeinfo","type":"story"},"featureTag":{"name":"Employeeinfo/Employee curd test","type":"story"},"title":"delete employee record","tags":[{"name":"Employeeinfo/Employee curd test","type":"story"}],"startTime":"2022-06-05T20:52:42.021+01:00[Europe/London]","duration":735,"testFailureCause":{"errorType":"java.lang.AssertionError","message":"1 expectation failed.\nExpected status code \u003c200\u003e but was \u003c405\u003e.\n","stackTrace":[{"declaringClass":"io.restassured.internal.ResponseSpecificationImpl","methodName":"validateResponseIfRequired","fileName":"ResponseSpecificationImpl.groovy","lineNumber":636},{"declaringClass":"io.restassured.internal.ResponseSpecificationImpl","methodName":"statusCode","fileName":"ResponseSpecificationImpl.groovy","lineNumber":122},{"declaringClass":"io.restassured.internal.ResponseSpecificationImpl","methodName":"statusCode","fileName":"ResponseSpecificationImpl.groovy","lineNumber":130},{"declaringClass":"io.restassured.internal.ValidatableResponseOptionsImpl","methodName":"statusCode","fileName":"ValidatableResponseOptionsImpl.java","lineNumber":117},{"declaringClass":"com.restapiexample.employeeinfo.EmployeeCurdTest","methodName":"test004","fileName":"EmployeeCurdTest.java","lineNumber":59}]},"testFailureClassname":"java.lang.AssertionError","testFailureMessage":"1 expectation failed.\nExpected status code \u003c200\u003e but was \u003c405\u003e.\n","testFailureSummary":"FAILURE;java.lang.AssertionError;1 expectation failed.\nExpected status code \u003c200\u003e but was \u003c405\u003e.\n;ResponseSpecificationImpl.groovy","projectKey":"","annotatedResult":"FAILURE","manual":false,"testSource":"JUnit","result":"FAILURE"}